This is pdfTeX, Version 3.141592653-2.6-1.40.26 (TeX Live 2024) (preloaded format=pdflatex 2024.11.17)  6 DEC 2024 23:09
entering extended mode
 restricted \write18 enabled.
 file:line:error style messages enabled.
 %&-line parsing enabled.
**"h:/Shared drives/Lovász Botond/school/09/MLA/2A/submission.tex"
(h:/Shared drives/Lovász Botond/school/09/MLA/2A/submission.tex
LaTeX2e <2024-11-01>
L3 programming layer <2024-11-02>
(c:/texlive/2024/texmf-dist/tex/latex/base/article.cls
Document Class: article 2024/06/29 v1.4n Standard LaTeX document class
(c:/texlive/2024/texmf-dist/tex/latex/base/size10.clo
File: size10.clo 2024/06/29 v1.4n Standard LaTeX file (size option)
)
\c@part=\count196
\c@section=\count197
\c@subsection=\count198
\c@subsubsection=\count199
\c@paragraph=\count266
\c@subparagraph=\count267
\c@figure=\count268
\c@table=\count269
\abovecaptionskip=\skip49
\belowcaptionskip=\skip50
\bibindent=\dimen141
) (c:/texlive/2024/texmf-dist/tex/latex/amsmath/amsmath.sty
Package: amsmath 2024/11/05 v2.17t AMS math features
\@mathmargin=\skip51

For additional information on amsmath, use the `?' option.
(c:/texlive/2024/texmf-dist/tex/latex/amsmath/amstext.sty
Package: amstext 2021/08/26 v2.01 AMS text
 (c:/texlive/2024/texmf-dist/tex/latex/amsmath/amsgen.sty
File: amsgen.sty 1999/11/30 v2.0 generic functions
\@emptytoks=\toks17
\ex@=\dimen142
)) (c:/texlive/2024/texmf-dist/tex/latex/amsmath/amsbsy.sty
Package: amsbsy 1999/11/29 v1.2d Bold Symbols
\pmbraise@=\dimen143
) (c:/texlive/2024/texmf-dist/tex/latex/amsmath/amsopn.sty
Package: amsopn 2022/04/08 v2.04 operator names
)
\inf@bad=\count270
LaTeX Info: Redefining \frac on input line 233.
\uproot@=\count271
\leftroot@=\count272
LaTeX Info: Redefining \overline on input line 398.
LaTeX Info: Redefining \colon on input line 409.
\classnum@=\count273
\DOTSCASE@=\count274
LaTeX Info: Redefining \ldots on input line 495.
LaTeX Info: Redefining \dots on input line 498.
LaTeX Info: Redefining \cdots on input line 619.
\Mathstrutbox@=\box52
\strutbox@=\box53
LaTeX Info: Redefining \big on input line 721.
LaTeX Info: Redefining \Big on input line 722.
LaTeX Info: Redefining \bigg on input line 723.
LaTeX Info: Redefining \Bigg on input line 724.
\big@size=\dimen144
LaTeX Font Info:    Redeclaring font encoding OML on input line 742.
LaTeX Font Info:    Redeclaring font encoding OMS on input line 743.
\macc@depth=\count275
LaTeX Info: Redefining \bmod on input line 904.
LaTeX Info: Redefining \pmod on input line 909.
LaTeX Info: Redefining \smash on input line 939.
LaTeX Info: Redefining \relbar on input line 969.
LaTeX Info: Redefining \Relbar on input line 970.
\c@MaxMatrixCols=\count276
\dotsspace@=\muskip17
\c@parentequation=\count277
\dspbrk@lvl=\count278
\tag@help=\toks18
\row@=\count279
\column@=\count280
\maxfields@=\count281
\andhelp@=\toks19
\eqnshift@=\dimen145
\alignsep@=\dimen146
\tagshift@=\dimen147
\tagwidth@=\dimen148
\totwidth@=\dimen149
\lineht@=\dimen150
\@envbody=\toks20
\multlinegap=\skip52
\multlinetaggap=\skip53
\mathdisplay@stack=\toks21
LaTeX Info: Redefining \[ on input line 2953.
LaTeX Info: Redefining \] on input line 2954.
) (c:/texlive/2024/texmf-dist/tex/latex/amsfonts/amssymb.sty
Package: amssymb 2013/01/14 v3.01 AMS font symbols
 (c:/texlive/2024/texmf-dist/tex/latex/amsfonts/amsfonts.sty
Package: amsfonts 2013/01/14 v3.01 Basic AMSFonts support
\symAMSa=\mathgroup4
\symAMSb=\mathgroup5
LaTeX Font Info:    Redeclaring math symbol \hbar on input line 98.
LaTeX Font Info:    Overwriting math alphabet `\mathfrak' in version `bold'
(Font)                  U/euf/m/n --> U/euf/b/n on input line 106.
)) (c:/texlive/2024/texmf-dist/tex/latex/hyperref/hyperref.sty
Package: hyperref 2024-11-05 v7.01l Hypertext links for LaTeX
 (c:/texlive/2024/texmf-dist/tex/generic/iftex/iftex.sty
Package: iftex 2022/02/03 v1.0f TeX engine tests
) (c:/texlive/2024/texmf-dist/tex/latex/graphics/keyval.sty
Package: keyval 2022/05/29 v1.15 key=value parser (DPC)
\KV@toks@=\toks22
) (c:/texlive/2024/texmf-dist/tex/latex/kvsetkeys/kvsetkeys.sty
Package: kvsetkeys 2022-10-05 v1.19 Key value parser (HO)
) (c:/texlive/2024/texmf-dist/tex/generic/kvdefinekeys/kvdefinekeys.sty
Package: kvdefinekeys 2019-12-19 v1.6 Define keys (HO)
) (c:/texlive/2024/texmf-dist/tex/generic/pdfescape/pdfescape.sty
Package: pdfescape 2019/12/09 v1.15 Implements pdfTeX's escape features (HO)
 (c:/texlive/2024/texmf-dist/tex/generic/ltxcmds/ltxcmds.sty
Package: ltxcmds 2023-12-04 v1.26 LaTeX kernel commands for general use (HO)
) (c:/texlive/2024/texmf-dist/tex/generic/pdftexcmds/pdftexcmds.sty
Package: pdftexcmds 2020-06-27 v0.33 Utility functions of pdfTeX for LuaTeX (HO)
 (c:/texlive/2024/texmf-dist/tex/generic/infwarerr/infwarerr.sty
Package: infwarerr 2019/12/03 v1.5 Providing info/warning/error messages (HO)
)
Package pdftexcmds Info: \pdf@primitive is available.
Package pdftexcmds Info: \pdf@ifprimitive is available.
Package pdftexcmds Info: \pdfdraftmode found.
)) (c:/texlive/2024/texmf-dist/tex/latex/hycolor/hycolor.sty
Package: hycolor 2020-01-27 v1.10 Color options for hyperref/bookmark (HO)
) (c:/texlive/2024/texmf-dist/tex/latex/hyperref/nameref.sty
Package: nameref 2023-11-26 v2.56 Cross-referencing by name of section
 (c:/texlive/2024/texmf-dist/tex/latex/refcount/refcount.sty
Package: refcount 2019/12/15 v3.6 Data extraction from label references (HO)
) (c:/texlive/2024/texmf-dist/tex/generic/gettitlestring/gettitlestring.sty
Package: gettitlestring 2019/12/15 v1.6 Cleanup title references (HO)
 (c:/texlive/2024/texmf-dist/tex/latex/kvoptions/kvoptions.sty
Package: kvoptions 2022-06-15 v3.15 Key value format for package options (HO)
))
\c@section@level=\count282
) (c:/texlive/2024/texmf-dist/tex/latex/etoolbox/etoolbox.sty
Package: etoolbox 2020/10/05 v2.5k e-TeX tools for LaTeX (JAW)
\etb@tempcnta=\count283
) (c:/texlive/2024/texmf-dist/tex/generic/stringenc/stringenc.sty
Package: stringenc 2019/11/29 v1.12 Convert strings between diff. encodings (HO)
)
\@linkdim=\dimen151
\Hy@linkcounter=\count284
\Hy@pagecounter=\count285
 (c:/texlive/2024/texmf-dist/tex/latex/hyperref/pd1enc.def
File: pd1enc.def 2024-11-05 v7.01l Hyperref: PDFDocEncoding definition (HO)
Now handling font encoding PD1 ...
... no UTF-8 mapping file for font encoding PD1
) (c:/texlive/2024/texmf-dist/tex/generic/intcalc/intcalc.sty
Package: intcalc 2019/12/15 v1.3 Expandable calculations with integers (HO)
)
\Hy@SavedSpaceFactor=\count286
 (c:/texlive/2024/texmf-dist/tex/latex/hyperref/puenc.def
File: puenc.def 2024-11-05 v7.01l Hyperref: PDF Unicode definition (HO)
Now handling font encoding PU ...
... no UTF-8 mapping file for font encoding PU
)
Package hyperref Info: Hyper figures OFF on input line 4157.
Package hyperref Info: Link nesting OFF on input line 4162.
Package hyperref Info: Hyper index ON on input line 4165.
Package hyperref Info: Plain pages OFF on input line 4172.
Package hyperref Info: Backreferencing OFF on input line 4177.
Package hyperref Info: Implicit mode ON; LaTeX internals redefined.
Package hyperref Info: Bookmarks ON on input line 4424.
\c@Hy@tempcnt=\count287
 (c:/texlive/2024/texmf-dist/tex/latex/url/url.sty
\Urlmuskip=\muskip18
Package: url 2013/09/16  ver 3.4  Verb mode for urls, etc.
)
LaTeX Info: Redefining \url on input line 4763.
\XeTeXLinkMargin=\dimen152
 (c:/texlive/2024/texmf-dist/tex/generic/bitset/bitset.sty
Package: bitset 2019/12/09 v1.3 Handle bit-vector datatype (HO)
 (c:/texlive/2024/texmf-dist/tex/generic/bigintcalc/bigintcalc.sty
Package: bigintcalc 2019/12/15 v1.5 Expandable calculations on big integers (HO)
))
\Fld@menulength=\count288
\Field@Width=\dimen153
\Fld@charsize=\dimen154
Package hyperref Info: Hyper figures OFF on input line 6042.
Package hyperref Info: Link nesting OFF on input line 6047.
Package hyperref Info: Hyper index ON on input line 6050.
Package hyperref Info: backreferencing OFF on input line 6057.
Package hyperref Info: Link coloring OFF on input line 6062.
Package hyperref Info: Link coloring with OCG OFF on input line 6067.
Package hyperref Info: PDF/A mode OFF on input line 6072.
 (c:/texlive/2024/texmf-dist/tex/latex/base/atbegshi-ltx.sty
Package: atbegshi-ltx 2021/01/10 v1.0c Emulation of the original atbegshi
package with kernel methods
)
\Hy@abspage=\count289
\c@Item=\count290
\c@Hfootnote=\count291
)
Package hyperref Info: Driver (autodetected): hpdftex.
 (c:/texlive/2024/texmf-dist/tex/latex/hyperref/hpdftex.def
File: hpdftex.def 2024-11-05 v7.01l Hyperref driver for pdfTeX
 (c:/texlive/2024/texmf-dist/tex/latex/base/atveryend-ltx.sty
Package: atveryend-ltx 2020/08/19 v1.0a Emulation of the original atveryend package
with kernel methods
)
\Fld@listcount=\count292
\c@bookmark@seq@number=\count293
 (c:/texlive/2024/texmf-dist/tex/latex/rerunfilecheck/rerunfilecheck.sty
Package: rerunfilecheck 2022-07-10 v1.10 Rerun checks for auxiliary files (HO)
 (c:/texlive/2024/texmf-dist/tex/generic/uniquecounter/uniquecounter.sty
Package: uniquecounter 2019/12/15 v1.4 Provide unlimited unique counter (HO)
)
Package uniquecounter Info: New unique counter `rerunfilecheck' on input line 285.
)
\Hy@SectionHShift=\skip54
) (c:/texlive/2024/texmf-dist/tex/latex/pdfpages/pdfpages.sty
Package: pdfpages 2024/10/28 v0.6c Insert pages of external PDF documents (AM)
 (c:/texlive/2024/texmf-dist/tex/latex/base/ifthen.sty
Package: ifthen 2024/03/16 v1.1e Standard LaTeX ifthen package (DPC)
) (c:/texlive/2024/texmf-dist/tex/latex/tools/calc.sty
Package: calc 2023/07/08 v4.3 Infix arithmetic (KKT,FJ)
\calc@Acount=\count294
\calc@Bcount=\count295
\calc@Adimen=\dimen155
\calc@Bdimen=\dimen156
\calc@Askip=\skip55
\calc@Bskip=\skip56
LaTeX Info: Redefining \setlength on input line 80.
LaTeX Info: Redefining \addtolength on input line 81.
\calc@Ccount=\count296
\calc@Cskip=\skip57
) (c:/texlive/2024/texmf-dist/tex/latex/eso-pic/eso-pic.sty
Package: eso-pic 2023/05/03 v3.0c eso-pic (RN)
\ESO@tempdima=\dimen157
\ESO@tempdimb=\dimen158
 (c:/texlive/2024/texmf-dist/tex/latex/xcolor/xcolor.sty
Package: xcolor 2024/09/29 v3.02 LaTeX color extensions (UK)
 (c:/texlive/2024/texmf-dist/tex/latex/graphics-cfg/color.cfg
File: color.cfg 2016/01/02 v1.6 sample color configuration
)
Package xcolor Info: Driver file: pdftex.def on input line 274.
 (c:/texlive/2024/texmf-dist/tex/latex/graphics-def/pdftex.def
File: pdftex.def 2024/04/13 v1.2c Graphics/color driver for pdftex
) (c:/texlive/2024/texmf-dist/tex/latex/graphics/mathcolor.ltx)
Package xcolor Info: Model `cmy' substituted by `cmy0' on input line 1349.
Package xcolor Info: Model `hsb' substituted by `rgb' on input line 1353.
Package xcolor Info: Model `RGB' extended on input line 1365.
Package xcolor Info: Model `HTML' substituted by `rgb' on input line 1367.
Package xcolor Info: Model `Hsb' substituted by `hsb' on input line 1368.
Package xcolor Info: Model `tHsb' substituted by `hsb' on input line 1369.
Package xcolor Info: Model `HSB' substituted by `hsb' on input line 1370.
Package xcolor Info: Model `Gray' substituted by `gray' on input line 1371.
Package xcolor Info: Model `wave' substituted by `hsb' on input line 1372.
)) (c:/texlive/2024/texmf-dist/tex/latex/graphics/graphicx.sty
Package: graphicx 2021/09/16 v1.2d Enhanced LaTeX Graphics (DPC,SPQR)
 (c:/texlive/2024/texmf-dist/tex/latex/graphics/graphics.sty
Package: graphics 2024/08/06 v1.4g Standard LaTeX Graphics (DPC,SPQR)
 (c:/texlive/2024/texmf-dist/tex/latex/graphics/trig.sty
Package: trig 2023/12/02 v1.11 sin cos tan (DPC)
) (c:/texlive/2024/texmf-dist/tex/latex/graphics-cfg/graphics.cfg
File: graphics.cfg 2016/06/04 v1.11 sample graphics configuration
)
Package graphics Info: Driver file: pdftex.def on input line 106.
)
\Gin@req@height=\dimen159
\Gin@req@width=\dimen160
)
\AM@pagewidth=\dimen161
\AM@pageheight=\dimen162
\AM@fboxrule=\dimen163
 (c:/texlive/2024/texmf-dist/tex/latex/pdfpages/pppdftex.def
File: pppdftex.def 2024/10/28 v0.6c Pdfpages driver for pdfTeX (AM)
)
\pdfpages@includegraphics@status=\count297
\AM@pagebox=\box54
\AM@global@opts=\toks23
\AM@pagecnt=\count298
\AM@toc@title=\toks24
\AM@lof@heading=\toks25
\c@AM@survey=\count299
\AM@templatesizebox=\box55
) (c:/texlive/2024/texmf-dist/tex/latex/l3backend/l3backend-pdftex.def
File: l3backend-pdftex.def 2024-05-08 L3 backend support: PDF output (pdfTeX)
\l__color_backend_stack_int=\count300
\l__pdf_internal_box=\box56
) (./submission.aux)
\openout1 = `submission.aux'.

LaTeX Font Info:    Checking defaults for OML/cmm/m/it on input line 11.
LaTeX Font Info:    ... okay on input line 11.
LaTeX Font Info:    Checking defaults for OMS/cmsy/m/n on input line 11.
LaTeX Font Info:    ... okay on input line 11.
LaTeX Font Info:    Checking defaults for OT1/cmr/m/n on input line 11.
LaTeX Font Info:    ... okay on input line 11.
LaTeX Font Info:    Checking defaults for T1/cmr/m/n on input line 11.
LaTeX Font Info:    ... okay on input line 11.
LaTeX Font Info:    Checking defaults for TS1/cmr/m/n on input line 11.
LaTeX Font Info:    ... okay on input line 11.
LaTeX Font Info:    Checking defaults for OMX/cmex/m/n on input line 11.
LaTeX Font Info:    ... okay on input line 11.
LaTeX Font Info:    Checking defaults for U/cmr/m/n on input line 11.
LaTeX Font Info:    ... okay on input line 11.
LaTeX Font Info:    Checking defaults for PD1/pdf/m/n on input line 11.
LaTeX Font Info:    ... okay on input line 11.
LaTeX Font Info:    Checking defaults for PU/pdf/m/n on input line 11.
LaTeX Font Info:    ... okay on input line 11.
Package hyperref Info: Link coloring OFF on input line 11.
 (./submission.out) (./submission.out)
\@outlinefile=\write3
\openout3 = `submission.out'.

 (c:/texlive/2024/texmf-dist/tex/context/base/mkii/supp-pdf.mkii
[Loading MPS to PDF converter (version 2006.09.02).]
\scratchcounter=\count301
\scratchdimen=\dimen164
\scratchbox=\box57
\nofMPsegments=\count302
\nofMParguments=\count303
\everyMPshowfont=\toks26
\MPscratchCnt=\count304
\MPscratchDim=\dimen165
\MPnumerator=\count305
\makeMPintoPDFobject=\count306
\everyMPtoPDFconversion=\toks27
) (c:/texlive/2024/texmf-dist/tex/latex/epstopdf-pkg/epstopdf-base.sty
Package: epstopdf-base 2020-01-24 v2.11 Base part for package epstopdf
Package epstopdf-base Info: Redefining graphics rule for `.eps' on input line 485.
 (c:/texlive/2024/texmf-dist/tex/latex/latexconfig/epstopdf-sys.cfg
File: epstopdf-sys.cfg 2010/07/13 v1.3 Configuration of (r)epstopdf for TeX Live
)) (c:/texlive/2024/texmf-dist/tex/latex/pdflscape/pdflscape.sty
Package: pdflscape 2022-10-27 v0.13 Display of landscape pages in PDF
 (c:/texlive/2024/texmf-dist/tex/latex/pdflscape/pdflscape-nometadata.sty
Package: pdflscape-nometadata 2022-10-28 v0.13 Display of landscape pages in PDF (HO)
 (c:/texlive/2024/texmf-dist/tex/latex/graphics/lscape.sty
Package: lscape 2020/05/28 v3.02 Landscape Pages (DPC)
)
Package pdflscape Info: Auto-detected driver: pdftex on input line 81.
))
LaTeX Font Info:    Trying to load font information for U+msa on input line 14.
 (c:/texlive/2024/texmf-dist/tex/latex/amsfonts/umsa.fd
File: umsa.fd 2013/01/14 v3.01 AMS symbols A
)
LaTeX Font Info:    Trying to load font information for U+msb on input line 14.
 (c:/texlive/2024/texmf-dist/tex/latex/amsfonts/umsb.fd
File: umsb.fd 2013/01/14 v3.01 AMS symbols B
)

[1

{c:/texlive/2024/texmf-var/fonts/map/pdftex/updmap/pdftex.map}{c:/texlive/2024/texmf-dist/fonts/enc/dvips/cm-super/cm-super-ts1.enc}]

[2]
Overfull \hbox (78.78789pt too wide) detected at line 128
\OML/cmm/m/it/10 p\OT1/cmr/m/n/10 (\OML/cmm/m/it/10 x\OMS/cmsy/m/n/10 j\OML/cmm/m/it/10  [];  []\OT1/cmr/m/n/10 ) = 1 \OMS/cmsy/m/n/10 ^^A [] []
 []


Overfull \hbox (5.58064pt too wide) in paragraph at lines 154--155
\OT1/cmr/m/n/10 Source: []$\OT1/cmtt/m/n/10 http : / / www . cs . columbia . edu / []blei / papers / BleiLafferty2009 . pdf$[] 
 []



[3]
Overfull \hbox (105.47377pt too wide) detected at line 167
\OMS/cmsy/m/n/10 L \OT1/cmr/m/n/10 = [] [] [] \OML/cmm/m/it/10 ^^^[] [] [] 
 []

<LDA-SVI.pdf, id=44, 614.295pt x 794.97pt>
File: LDA-SVI.pdf Graphic file (type pdf)
<use LDA-SVI.pdf>
Package pdftex.def Info: LDA-SVI.pdf  used on input line 189.
(pdftex.def)             Requested size: 614.29349pt x 794.96806pt.
File: LDA-SVI.pdf Graphic file (type pdf)
<use LDA-SVI.pdf>
Package pdftex.def Info: LDA-SVI.pdf  used on input line 189.
(pdftex.def)             Requested size: 614.29349pt x 794.96806pt.
<LDA-SVI.pdf, id=47, page=1, 614.295pt x 794.97pt>
File: LDA-SVI.pdf Graphic file (type pdf)
<use LDA-SVI.pdf, page 1>
Package pdftex.def Info: LDA-SVI.pdf , page1 used on input line 189.
(pdftex.def)             Requested size: 614.29349pt x 794.96806pt.
File: LDA-SVI.pdf Graphic file (type pdf)
<use LDA-SVI.pdf, page 1>
Package pdftex.def Info: LDA-SVI.pdf , page1 used on input line 189.
(pdftex.def)             Requested size: 491.43666pt x 635.97687pt.


[4]
File: LDA-SVI.pdf Graphic file (type pdf)
<use LDA-SVI.pdf, page 1>
Package pdftex.def Info: LDA-SVI.pdf , page1 used on input line 189.
(pdftex.def)             Requested size: 491.43666pt x 635.97687pt.
File: LDA-SVI.pdf Graphic file (type pdf)
<use LDA-SVI.pdf, page 1>
Package pdftex.def Info: LDA-SVI.pdf , page1 used on input line 189.
(pdftex.def)             Requested size: 491.43666pt x 635.97687pt.


File: LDA-SVI.pdf Graphic file (type pdf)
<use LDA-SVI.pdf, page 1>
Package pdftex.def Info: LDA-SVI.pdf , page1 used on input line 189.
(pdftex.def)             Requested size: 491.43666pt x 635.97687pt.
[5

 <./LDA-SVI.pdf>]
<LDA-SVI.pdf, id=125, page=2, 614.295pt x 794.97pt>
File: LDA-SVI.pdf Graphic file (type pdf)
<use LDA-SVI.pdf, page 2>
Package pdftex.def Info: LDA-SVI.pdf , page2 used on input line 189.
(pdftex.def)             Requested size: 491.43666pt x 635.97687pt.
File: LDA-SVI.pdf Graphic file (type pdf)
<use LDA-SVI.pdf, page 2>
Package pdftex.def Info: LDA-SVI.pdf , page2 used on input line 189.
(pdftex.def)             Requested size: 491.43666pt x 635.97687pt.


File: LDA-SVI.pdf Graphic file (type pdf)
<use LDA-SVI.pdf, page 2>
Package pdftex.def Info: LDA-SVI.pdf , page2 used on input line 189.
(pdftex.def)             Requested size: 491.43666pt x 635.97687pt.
[6

 <./LDA-SVI.pdf>]
<LDA-SVI.pdf, id=130, page=3, 614.295pt x 794.97pt>
File: LDA-SVI.pdf Graphic file (type pdf)
<use LDA-SVI.pdf, page 3>
Package pdftex.def Info: LDA-SVI.pdf , page3 used on input line 189.
(pdftex.def)             Requested size: 491.43666pt x 635.97687pt.
File: LDA-SVI.pdf Graphic file (type pdf)
<use LDA-SVI.pdf, page 3>
Package pdftex.def Info: LDA-SVI.pdf , page3 used on input line 189.
(pdftex.def)             Requested size: 491.43666pt x 635.97687pt.


File: LDA-SVI.pdf Graphic file (type pdf)
<use LDA-SVI.pdf, page 3>
Package pdftex.def Info: LDA-SVI.pdf , page3 used on input line 189.
(pdftex.def)             Requested size: 491.43666pt x 635.97687pt.
[7

 <./LDA-SVI.pdf>]
<LDA-SVI.pdf, id=136, page=4, 614.295pt x 794.97pt>
File: LDA-SVI.pdf Graphic file (type pdf)
<use LDA-SVI.pdf, page 4>
Package pdftex.def Info: LDA-SVI.pdf , page4 used on input line 189.
(pdftex.def)             Requested size: 491.43666pt x 635.97687pt.
File: LDA-SVI.pdf Graphic file (type pdf)
<use LDA-SVI.pdf, page 4>
Package pdftex.def Info: LDA-SVI.pdf , page4 used on input line 189.
(pdftex.def)             Requested size: 491.43666pt x 635.97687pt.


File: LDA-SVI.pdf Graphic file (type pdf)
<use LDA-SVI.pdf, page 4>
Package pdftex.def Info: LDA-SVI.pdf , page4 used on input line 189.
(pdftex.def)             Requested size: 491.43666pt x 635.97687pt.
[8

 <./LDA-SVI.pdf>]
<LDA-SVI.pdf, id=141, page=5, 614.295pt x 794.97pt>
File: LDA-SVI.pdf Graphic file (type pdf)
<use LDA-SVI.pdf, page 5>
Package pdftex.def Info: LDA-SVI.pdf , page5 used on input line 189.
(pdftex.def)             Requested size: 491.43666pt x 635.97687pt.
File: LDA-SVI.pdf Graphic file (type pdf)
<use LDA-SVI.pdf, page 5>
Package pdftex.def Info: LDA-SVI.pdf , page5 used on input line 189.
(pdftex.def)             Requested size: 491.43666pt x 635.97687pt.


File: LDA-SVI.pdf Graphic file (type pdf)
<use LDA-SVI.pdf, page 5>
Package pdftex.def Info: LDA-SVI.pdf , page5 used on input line 189.
(pdftex.def)             Requested size: 491.43666pt x 635.97687pt.
[9

 <./LDA-SVI.pdf>]
<LDA-SVI.pdf, id=146, page=6, 614.295pt x 794.97pt>
File: LDA-SVI.pdf Graphic file (type pdf)
<use LDA-SVI.pdf, page 6>
Package pdftex.def Info: LDA-SVI.pdf , page6 used on input line 189.
(pdftex.def)             Requested size: 491.43666pt x 635.97687pt.
File: LDA-SVI.pdf Graphic file (type pdf)
<use LDA-SVI.pdf, page 6>
Package pdftex.def Info: LDA-SVI.pdf , page6 used on input line 189.
(pdftex.def)             Requested size: 491.43666pt x 635.97687pt.


File: LDA-SVI.pdf Graphic file (type pdf)
<use LDA-SVI.pdf, page 6>
Package pdftex.def Info: LDA-SVI.pdf , page6 used on input line 189.
(pdftex.def)             Requested size: 491.43666pt x 635.97687pt.
[10

 <./LDA-SVI.pdf>]
<LDA-SVI.pdf, id=151, page=7, 614.295pt x 794.97pt>
File: LDA-SVI.pdf Graphic file (type pdf)
<use LDA-SVI.pdf, page 7>
Package pdftex.def Info: LDA-SVI.pdf , page7 used on input line 189.
(pdftex.def)             Requested size: 491.43666pt x 635.97687pt.
File: LDA-SVI.pdf Graphic file (type pdf)
<use LDA-SVI.pdf, page 7>
Package pdftex.def Info: LDA-SVI.pdf , page7 used on input line 189.
(pdftex.def)             Requested size: 491.43666pt x 635.97687pt.


File: LDA-SVI.pdf Graphic file (type pdf)
<use LDA-SVI.pdf, page 7>
Package pdftex.def Info: LDA-SVI.pdf , page7 used on input line 189.
(pdftex.def)             Requested size: 491.43666pt x 635.97687pt.
[11

 <./LDA-SVI.pdf>]
<LDA-SVI.pdf, id=156, page=8, 614.295pt x 794.97pt>
File: LDA-SVI.pdf Graphic file (type pdf)
<use LDA-SVI.pdf, page 8>
Package pdftex.def Info: LDA-SVI.pdf , page8 used on input line 189.
(pdftex.def)             Requested size: 491.43666pt x 635.97687pt.
File: LDA-SVI.pdf Graphic file (type pdf)
<use LDA-SVI.pdf, page 8>
Package pdftex.def Info: LDA-SVI.pdf , page8 used on input line 189.
(pdftex.def)             Requested size: 491.43666pt x 635.97687pt.


File: LDA-SVI.pdf Graphic file (type pdf)
<use LDA-SVI.pdf, page 8>
Package pdftex.def Info: LDA-SVI.pdf , page8 used on input line 189.
(pdftex.def)             Requested size: 491.43666pt x 635.97687pt.
[12

 <./LDA-SVI.pdf>]
<LDA-SVI.pdf, id=161, page=9, 614.295pt x 794.97pt>
File: LDA-SVI.pdf Graphic file (type pdf)
<use LDA-SVI.pdf, page 9>
Package pdftex.def Info: LDA-SVI.pdf , page9 used on input line 189.
(pdftex.def)             Requested size: 491.43666pt x 635.97687pt.
File: LDA-SVI.pdf Graphic file (type pdf)
<use LDA-SVI.pdf, page 9>
Package pdftex.def Info: LDA-SVI.pdf , page9 used on input line 189.
(pdftex.def)             Requested size: 491.43666pt x 635.97687pt.


File: LDA-SVI.pdf Graphic file (type pdf)
<use LDA-SVI.pdf, page 9>
Package pdftex.def Info: LDA-SVI.pdf , page9 used on input line 189.
(pdftex.def)             Requested size: 491.43666pt x 635.97687pt.
[13

 <./LDA-SVI.pdf>]
<LDA-SVI.pdf, id=167, page=10, 614.295pt x 794.97pt>
File: LDA-SVI.pdf Graphic file (type pdf)
<use LDA-SVI.pdf, page 10>
Package pdftex.def Info: LDA-SVI.pdf , page10 used on input line 189.
(pdftex.def)             Requested size: 491.43666pt x 635.97687pt.
File: LDA-SVI.pdf Graphic file (type pdf)
<use LDA-SVI.pdf, page 10>
Package pdftex.def Info: LDA-SVI.pdf , page10 used on input line 189.
(pdftex.def)             Requested size: 491.43666pt x 635.97687pt.


File: LDA-SVI.pdf Graphic file (type pdf)
<use LDA-SVI.pdf, page 10>
Package pdftex.def Info: LDA-SVI.pdf , page10 used on input line 189.
(pdftex.def)             Requested size: 491.43666pt x 635.97687pt.
[14

 <./LDA-SVI.pdf>]
<LDA-SVI.pdf, id=172, page=11, 614.295pt x 794.97pt>
File: LDA-SVI.pdf Graphic file (type pdf)
<use LDA-SVI.pdf, page 11>
Package pdftex.def Info: LDA-SVI.pdf , page11 used on input line 189.
(pdftex.def)             Requested size: 491.43666pt x 635.97687pt.
File: LDA-SVI.pdf Graphic file (type pdf)
<use LDA-SVI.pdf, page 11>
Package pdftex.def Info: LDA-SVI.pdf , page11 used on input line 189.
(pdftex.def)             Requested size: 491.43666pt x 635.97687pt.


File: LDA-SVI.pdf Graphic file (type pdf)
<use LDA-SVI.pdf, page 11>
Package pdftex.def Info: LDA-SVI.pdf , page11 used on input line 189.
(pdftex.def)             Requested size: 491.43666pt x 635.97687pt.
[15

 <./LDA-SVI.pdf>]
<LDA-SVI.pdf, id=179, page=12, 614.295pt x 794.97pt>
File: LDA-SVI.pdf Graphic file (type pdf)
<use LDA-SVI.pdf, page 12>
Package pdftex.def Info: LDA-SVI.pdf , page12 used on input line 189.
(pdftex.def)             Requested size: 491.43666pt x 635.97687pt.
File: LDA-SVI.pdf Graphic file (type pdf)
<use LDA-SVI.pdf, page 12>
Package pdftex.def Info: LDA-SVI.pdf , page12 used on input line 189.
(pdftex.def)             Requested size: 491.43666pt x 635.97687pt.


File: LDA-SVI.pdf Graphic file (type pdf)
<use LDA-SVI.pdf, page 12>
Package pdftex.def Info: LDA-SVI.pdf , page12 used on input line 189.
(pdftex.def)             Requested size: 491.43666pt x 635.97687pt.
[16

 <./LDA-SVI.pdf>]
<LDA-SVI.pdf, id=187, page=13, 614.295pt x 794.97pt>
File: LDA-SVI.pdf Graphic file (type pdf)
<use LDA-SVI.pdf, page 13>
Package pdftex.def Info: LDA-SVI.pdf , page13 used on input line 189.
(pdftex.def)             Requested size: 491.43666pt x 635.97687pt.
File: LDA-SVI.pdf Graphic file (type pdf)
<use LDA-SVI.pdf, page 13>
Package pdftex.def Info: LDA-SVI.pdf , page13 used on input line 189.
(pdftex.def)             Requested size: 491.43666pt x 635.97687pt.


File: LDA-SVI.pdf Graphic file (type pdf)
<use LDA-SVI.pdf, page 13>
Package pdftex.def Info: LDA-SVI.pdf , page13 used on input line 189.
(pdftex.def)             Requested size: 491.43666pt x 635.97687pt.
[17

 <./LDA-SVI.pdf>]
<LDA-SVI.pdf, id=192, page=14, 614.295pt x 794.97pt>
File: LDA-SVI.pdf Graphic file (type pdf)
<use LDA-SVI.pdf, page 14>
Package pdftex.def Info: LDA-SVI.pdf , page14 used on input line 189.
(pdftex.def)             Requested size: 491.43666pt x 635.97687pt.
File: LDA-SVI.pdf Graphic file (type pdf)
<use LDA-SVI.pdf, page 14>
Package pdftex.def Info: LDA-SVI.pdf , page14 used on input line 189.
(pdftex.def)             Requested size: 491.43666pt x 635.97687pt.


File: LDA-SVI.pdf Graphic file (type pdf)
<use LDA-SVI.pdf, page 14>
Package pdftex.def Info: LDA-SVI.pdf , page14 used on input line 189.
(pdftex.def)             Requested size: 491.43666pt x 635.97687pt.
[18

 <./LDA-SVI.pdf>]
<LDA-SVI.pdf, id=197, page=15, 614.295pt x 794.97pt>
File: LDA-SVI.pdf Graphic file (type pdf)
<use LDA-SVI.pdf, page 15>
Package pdftex.def Info: LDA-SVI.pdf , page15 used on input line 189.
(pdftex.def)             Requested size: 491.43666pt x 635.97687pt.
File: LDA-SVI.pdf Graphic file (type pdf)
<use LDA-SVI.pdf, page 15>
Package pdftex.def Info: LDA-SVI.pdf , page15 used on input line 189.
(pdftex.def)             Requested size: 491.43666pt x 635.97687pt.


File: LDA-SVI.pdf Graphic file (type pdf)
<use LDA-SVI.pdf, page 15>
Package pdftex.def Info: LDA-SVI.pdf , page15 used on input line 189.
(pdftex.def)             Requested size: 491.43666pt x 635.97687pt.
[19

 <./LDA-SVI.pdf>]
<LDA-SVI.pdf, id=205, page=16, 614.295pt x 794.97pt>
File: LDA-SVI.pdf Graphic file (type pdf)
<use LDA-SVI.pdf, page 16>
Package pdftex.def Info: LDA-SVI.pdf , page16 used on input line 189.
(pdftex.def)             Requested size: 491.43666pt x 635.97687pt.
File: LDA-SVI.pdf Graphic file (type pdf)
<use LDA-SVI.pdf, page 16>
Package pdftex.def Info: LDA-SVI.pdf , page16 used on input line 189.
(pdftex.def)             Requested size: 491.43666pt x 635.97687pt.


File: LDA-SVI.pdf Graphic file (type pdf)
<use LDA-SVI.pdf, page 16>
Package pdftex.def Info: LDA-SVI.pdf , page16 used on input line 189.
(pdftex.def)             Requested size: 491.43666pt x 635.97687pt.
[20

 <./LDA-SVI.pdf>]
<LDA-SVI.pdf, id=212, page=17, 614.295pt x 794.97pt>
File: LDA-SVI.pdf Graphic file (type pdf)
<use LDA-SVI.pdf, page 17>
Package pdftex.def Info: LDA-SVI.pdf , page17 used on input line 189.
(pdftex.def)             Requested size: 491.43666pt x 635.97687pt.
File: LDA-SVI.pdf Graphic file (type pdf)
<use LDA-SVI.pdf, page 17>
Package pdftex.def Info: LDA-SVI.pdf , page17 used on input line 189.
(pdftex.def)             Requested size: 491.43666pt x 635.97687pt.


File: LDA-SVI.pdf Graphic file (type pdf)
<use LDA-SVI.pdf, page 17>
Package pdftex.def Info: LDA-SVI.pdf , page17 used on input line 189.
(pdftex.def)             Requested size: 491.43666pt x 635.97687pt.
[21

 <./LDA-SVI.pdf>]
<LDA-SVI.pdf, id=217, page=18, 614.295pt x 794.97pt>
File: LDA-SVI.pdf Graphic file (type pdf)
<use LDA-SVI.pdf, page 18>
Package pdftex.def Info: LDA-SVI.pdf , page18 used on input line 189.
(pdftex.def)             Requested size: 491.43666pt x 635.97687pt.
File: LDA-SVI.pdf Graphic file (type pdf)
<use LDA-SVI.pdf, page 18>
Package pdftex.def Info: LDA-SVI.pdf , page18 used on input line 189.
(pdftex.def)             Requested size: 491.43666pt x 635.97687pt.


File: LDA-SVI.pdf Graphic file (type pdf)
<use LDA-SVI.pdf, page 18>
Package pdftex.def Info: LDA-SVI.pdf , page18 used on input line 189.
(pdftex.def)             Requested size: 491.43666pt x 635.97687pt.
[22

 <./LDA-SVI.pdf>] (./submission.aux)
 ***********
LaTeX2e <2024-11-01>
L3 programming layer <2024-11-02>
 ***********
Package rerunfilecheck Info: File `submission.out' has not changed.
(rerunfilecheck)             Checksum: 615973C69A1E1920C877BD472D8D7796;127.
 ) 
Here is how much of TeX's memory you used:
 11096 strings out of 473361
 169416 string characters out of 5725029
 573149 words of memory out of 5000000
 34029 multiletter control sequences out of 15000+600000
 566128 words of font info for 68 fonts, out of 8000000 for 9000
 1141 hyphenation exceptions out of 8191
 75i,18n,79p,411b,579s stack positions out of 10000i,1000n,20000p,200000b,200000s
<c:/texlive/2024/texmf-dist/fonts/type1/public/amsfonts/cm/cmbx10.pfb><c:/texlive/2024/texmf-dist/fonts/type1/public/amsfonts/cm/cmbx12.pfb><c:/texlive/2024/texmf-dist/fonts/type1/public/amsfonts/cm/cmex10.pfb><c:/texlive/2024/texmf-dist/fonts/type1/public/amsfonts/cm/cmmi10.pfb><c:/texlive/2024/texmf-dist/fonts/type1/public/amsfonts/cm/cmmi5.pfb><c:/texlive/2024/texmf-dist/fonts/type1/public/amsfonts/cm/cmmi7.pfb><c:/texlive/2024/texmf-dist/fonts/type1/public/amsfonts/cm/cmr10.pfb><c:/texlive/2024/texmf-dist/fonts/type1/public/amsfonts/cm/cmr12.pfb><c:/texlive/2024/texmf-dist/fonts/type1/public/amsfonts/cm/cmr17.pfb><c:/texlive/2024/texmf-dist/fonts/type1/public/amsfonts/cm/cmr5.pfb><c:/texlive/2024/texmf-dist/fonts/type1/public/amsfonts/cm/cmr7.pfb><c:/texlive/2024/texmf-dist/fonts/type1/public/amsfonts/cm/cmsy10.pfb><c:/texlive/2024/texmf-dist/fonts/type1/public/amsfonts/cm/cmsy5.pfb><c:/texlive/2024/texmf-dist/fonts/type1/public/amsfonts/cm/cmsy7.pfb><c:/texlive/2024/texmf-dist/fonts/type1/public/amsfonts/cm/cmtt10.pfb><c:/texlive/2024/texmf-dist/fonts/type1/public/amsfonts/symbols/msbm10.pfb><c:/texlive/2024/texmf-dist/fonts/type1/public/cm-super/sfrm1000.pfb>
Output written on submission.pdf (22 pages, 378735 bytes).
PDF statistics:
 303 PDF objects out of 1000 (max. 8388607)
 187 compressed objects within 2 object streams
 32 named destinations out of 1000 (max. 500000)
 114 words of extra memory for PDF output out of 10000 (max. 10000000)

